<?xml version="1.0" encoding="UTF-8"?>
<testng-results skipped="0" failed="0" ignored="0" total="1" passed="1">
  <reporter-output>
  </reporter-output>
  <suite name="Default suite" duration-ms="2656" started-at="2019-02-25T08:09:11Z" finished-at="2019-02-25T08:09:14Z">
    <groups>
    </groups>
    <test name="Default test" duration-ms="2656" started-at="2019-02-25T08:09:11Z" finished-at="2019-02-25T08:09:14Z">
      <class name="com.qa.api.PutApiEntity">
        <test-method status="PASS" signature="apiTest()[pri:0, instance:com.qa.api.PutApiEntity@167c1fc]" name="apiTest" duration-ms="2594" started-at="2019-02-25T13:39:11Z" finished-at="2019-02-25T13:39:14Z">
          <reporter-output>
          </reporter-output>
        </test-method> <!-- apiTest -->
      </class> <!-- com.qa.api.PutApiEntity -->
    </test> <!-- Default test -->
  </suite> <!-- Default suite -->
</testng-results>
